Release 14.5 - xst P.58f (nt64)
Copyright (c) 1995-2012 Xilinx, Inc.  All rights reserved.
--> Parameter TMPDIR set to xst/projnav.tmp


Total REAL time to Xst completion: 0.00 secs
Total CPU time to Xst completion: 0.22 secs
 
--> Parameter xsthdpdir set to xst


Total REAL time to Xst completion: 0.00 secs
Total CPU time to Xst completion: 0.22 secs
 
--> Reading design: fourbitM.prj

TABLE OF CONTENTS
  1) Synthesis Options Summary
  2) HDL Compilation
  3) Design Hierarchy Analysis
  4) HDL Analysis
  5) HDL Synthesis
     5.1) HDL Synthesis Report
  6) Advanced HDL Synthesis
     6.1) Advanced HDL Synthesis Report
  7) Low Level Synthesis
  8) Partition Report
  9) Final Report
	9.1) Device utilization summary
	9.2) Partition Resource Summary
	9.3) TIMING REPORT


=========================================================================
*                      Synthesis Options Summary                        *
=========================================================================
---- Source Parameters
Input File Name                    : "fourbitM.prj"
Input Format                       : mixed
Ignore Synthesis Constraint File   : NO

---- Target Parameters
Output File Name                   : "fourbitM"
Output Format                      : NGC
Target Device                      : xc3s500e-4-fg320

---- Source Options
Top Module Name                    : fourbitM
Automatic FSM Extraction           : YES
FSM Encoding Algorithm             : Auto
Safe Implementation                : No
FSM Style                          : LUT
RAM Extraction                     : Yes
RAM Style                          : Auto
ROM Extraction                     : Yes
Mux Style                          : Auto
Decoder Extraction                 : YES
Priority Encoder Extraction        : Yes
Shift Register Extraction          : YES
Logical Shifter Extraction         : YES
XOR Collapsing                     : YES
ROM Style                          : Auto
Mux Extraction                     : Yes
Resource Sharing                   : YES
Asynchronous To Synchronous        : NO
Multiplier Style                   : Auto
Automatic Register Balancing       : No

---- Target Options
Add IO Buffers                     : YES
Global Maximum Fanout              : 500
Add Generic Clock Buffer(BUFG)     : 24
Register Duplication               : YES
Slice Packing                      : YES
Optimize Instantiated Primitives   : NO
Use Clock Enable                   : Yes
Use Synchronous Set                : Yes
Use Synchronous Reset              : Yes
Pack IO Registers into IOBs        : Auto
Equivalent register Removal        : YES

---- General Options
Optimization Goal                  : Speed
Optimization Effort                : 1
Keep Hierarchy                     : No
Netlist Hierarchy                  : As_Optimized
RTL Output                         : Yes
Global Optimization                : AllClockNets
Read Cores                         : YES
Write Timing Constraints           : NO
Cross Clock Analysis               : NO
Hierarchy Separator                : /
Bus Delimiter                      : <>
Case Specifier                     : Maintain
Slice Utilization Ratio            : 100
BRAM Utilization Ratio             : 100
Verilog 2001                       : YES
Auto BRAM Packing                  : NO
Slice Utilization Ratio Delta      : 5

=========================================================================


=========================================================================
*                          HDL Compilation                              *
=========================================================================
Compiling verilog file "fourbitM.v" in library work
Module <fourbitM> compiled
No errors in compilation
Analysis of file <"fourbitM.prj"> succeeded.
 

=========================================================================
*                     Design Hierarchy Analysis                         *
=========================================================================
Analyzing hierarchy for module <fourbitM> in library <work> with parameters.
	DONE = "101"
	INIT = "000"
	S1 = "001"
	S2 = "010"
	S3 = "011"
	S4 = "100"


=========================================================================
*                            HDL Analysis                               *
=========================================================================
Analyzing top module <fourbitM>.
	DONE = 3'b101
	INIT = 3'b000
	S1 = 3'b001
	S2 = 3'b010
	S3 = 3'b011
	S4 = 3'b100
Module <fourbitM> is correct for synthesis.
 

=========================================================================
*                           HDL Synthesis                               *
=========================================================================

Performing bidirectional port resolution...

Synthesizing Unit <fourbitM>.
    Related source file is "fourbitM.v".
    Found finite state machine <FSM_0> for signal <currentstate>.
    -----------------------------------------------------------------------
    | States             | 6                                              |
    | Transitions        | 6                                              |
    | Inputs             | 0                                              |
    | Outputs            | 2                                              |
    | Clock              | clock                     (rising_edge)        |
    | Reset              | reset                     (negative)           |
    | Reset type         | asynchronous                                   |
    | Reset State        | 000                                            |
    | Encoding           | automatic                                      |
    | Implementation     | LUT                                            |
    -----------------------------------------------------------------------
    Summary:
	inferred   1 Finite State Machine(s).
Unit <fourbitM> synthesized.


=========================================================================
HDL Synthesis Report

Found no macro
=========================================================================

=========================================================================
*                       Advanced HDL Synthesis                          *
=========================================================================

Analyzing FSM <FSM_0> for best encoding.
Optimizing FSM <currentstate/FSM> on signal <currentstate[1:6]> with one-hot encoding.
-------------------
 State | Encoding
-------------------
 000   | 000001
 001   | 000010
 010   | 000100
 011   | 001000
 100   | 010000
 101   | 100000
-------------------

=========================================================================
Advanced HDL Synthesis Report

Macro Statistics
# FSMs                                                 : 1

=========================================================================

=========================================================================
*                         Low Level Synthesis                           *
=========================================================================

Optimizing unit <fourbitM> ...

Mapping all equations...
Building and optimizing final netlist ...
Found area constraint ratio of 100 (+ 5) on block fourbitM, actual ratio is 0.
FlipFlop currentstate_FSM_FFd6 has been replicated 1 time(s) to handle iob=true attribute.

Final Macro Processing ...

Processing Unit <fourbitM> :
INFO:Xst:741 - HDL ADVISOR - A 4-bit shift register was found for signal <currentstate_FSM_FFd2> and currently occupies 4 logic cells (2 slices). Removing the set/reset logic would take advantage of SRL16 (and derived) primitives and reduce this to 1 logic cells (1 slices). Evaluate if the set/reset can be removed for this simple shift register. The majority of simple pipeline structures do not need to be set/reset operationally.
Unit <fourbitM> processed.

=========================================================================
Final Register Report

Macro Statistics
# Registers                                            : 7
 Flip-Flops                                            : 7

=========================================================================

=========================================================================
*                           Partition Report                            *
=========================================================================

Partition Implementation Status
-------------------------------

  No Partitions were found in this design.

-------------------------------

=========================================================================
*                            Final Report                               *
=========================================================================
Final Results
RTL Top Level Output File Name     : fourbitM.ngr
Top Level Output File Name         : fourbitM
Output Format                      : NGC
Optimization Goal                  : Speed
Keep Hierarchy                     : No

Design Statistics
# IOs                              : 4

Cell Usage :
# BELS                             : 4
#      GND                         : 1
#      INV                         : 1
#      LUT2                        : 1
#      VCC                         : 1
# FlipFlops/Latches                : 7
#      FDC                         : 4
#      FDCE                        : 1
#      FDP                         : 2
# Clock Buffers                    : 1
#      BUFGP                       : 1
# IO Buffers                       : 3
#      IBUF                        : 1
#      OBUF                        : 2
=========================================================================

Device utilization summary:
---------------------------

Selected Device : 3s500efg320-4 

 Number of Slices:                        3  out of   4656     0%  
 Number of Slice Flip Flops:              6  out of   9312     0%  
 Number of 4 input LUTs:                  2  out of   9312     0%  
 Number of IOs:                           4
 Number of bonded IOBs:                   4  out of    232     1%  
    IOB Flip Flops:                       1
 Number of GCLKs:                         1  out of     24     4%  

---------------------------
Partition Resource Summary:
---------------------------

  No Partitions were found in this design.

---------------------------


=========================================================================
TIMING REPORT

NOTE: THESE TIMING NUMBERS ARE ONLY A SYNTHESIS ESTIMATE.
      FOR ACCURATE TIMING INFORMATION PLEASE REFER TO THE TRACE REPORT
      GENERATED AFTER PLACE-and-ROUTE.

Clock Information:
------------------
-----------------------------------+------------------------+-------+
Clock Signal                       | Clock buffer(FF name)  | Load  |
-----------------------------------+------------------------+-------+
clock                              | BUFGP                  | 7     |
-----------------------------------+------------------------+-------+

Asynchronous Control Signals Information:
----------------------------------------
---------------------------------------------------------------------+----------------------------+-------+
Control Signal                                                       | Buffer(FF name)            | Load  |
---------------------------------------------------------------------+----------------------------+-------+
currentstate_FSM_Acst_FSM_inv(currentstate_FSM_Acst_FSM_inv1_INV_0:O)| NONE(currentstate_FSM_FFd1)| 7     |
---------------------------------------------------------------------+----------------------------+-------+

Timing Summary:
---------------
Speed Grade: -4

   Minimum period: 1.566ns (Maximum Frequency: 638.570MHz)
   Minimum input arrival time before clock: No path found
   Maximum output required time after clock: 5.609ns
   Maximum combinational path delay: No path found

Timing Detail:
--------------
All values displayed in nanoseconds (ns)

=========================================================================
Timing constraint: Default period analysis for Clock 'clock'
  Clock period: 1.566ns (frequency: 638.570MHz)
  Total number of paths / destination ports: 5 / 5
-------------------------------------------------------------------------
Delay:               1.566ns (Levels of Logic = 0)
  Source:            currentstate_FSM_FFd2 (FF)
  Destination:       currentstate_FSM_FFd1 (FF)
  Source Clock:      clock rising
  Destination Clock: clock rising

  Data Path: currentstate_FSM_FFd2 to currentstate_FSM_FFd1
                                Gate     Net
    Cell:in->out      fanout   Delay   Delay  Logical Name (Net Name)
    ----------------------------------------  ------------
     FDC:C->Q              1   0.591   0.420  currentstate_FSM_FFd2 (currentstate_FSM_FFd2)
     FDCE:CE                   0.555          currentstate_FSM_FFd1
    ----------------------------------------
    Total                      1.566ns (1.146ns logic, 0.420ns route)
                                       (73.2% logic, 26.8% route)

=========================================================================
Timing constraint: Default OFFSET OUT AFTER for Clock 'clock'
  Total number of paths / destination ports: 3 / 2
-------------------------------------------------------------------------
Offset:              5.609ns (Levels of Logic = 2)
  Source:            currentstate_FSM_FFd6 (FF)
  Destination:       SR (PAD)
  Source Clock:      clock rising

  Data Path: currentstate_FSM_FFd6 to SR
                                Gate     Net
    Cell:in->out      fanout   Delay   Delay  Logical Name (Net Name)
    ----------------------------------------  ------------
     FDP:C->Q              2   0.591   0.622  currentstate_FSM_FFd6 (currentstate_FSM_FFd6)
     LUT2:I0->O            1   0.704   0.420  currentstate_FSM_Out11 (SR_OBUF)
     OBUF:I->O                 3.272          SR_OBUF (SR)
    ----------------------------------------
    Total                      5.609ns (4.567ns logic, 1.042ns route)
                                       (81.4% logic, 18.6% route)

=========================================================================


Total REAL time to Xst completion: 7.00 secs
Total CPU time to Xst completion: 7.38 secs
 
--> 

Total memory usage is 4503204 kilobytes

Number of errors   :    0 (   0 filtered)
Number of warnings :    0 (   0 filtered)
Number of infos    :    1 (   0 filtered)

